<?xml version="1.0" encoding="UTF-8"?>
<!-- Generated by org.testng.reporters.JUnitReportReporter -->
<testsuite skipped="0" hostname="DESKTOP-7P0AV37" name="mvn.Register" tests="1" failures="0" timestamp="22 Aug 2018 18:22:02 GMT" time="13.959" errors="0">
  <testcase name="f" time="13.959" classname="mvn.Register"/>
</testsuite> <!-- mvn.Register -->
